Using pre-set license
Built from '2020.3/release' branch; Version is '2020.3.7f1 (dd97f2c94397) revision 14522354'; Using compiler version '192528614'; Build Type 'Release'
OS: 'Windows 10 Home; OS build 19042.985; Version 2009; 64bit' Language: 'en' Physical Memory: 16335 MB
BatchMode: 1, IsHumanControllingUs: 0, StartBugReporterOnCrash: 0, Is64bit: 1, IsPro: 0

 COMMAND LINE ARGUMENTS:
E:\unity\Editor\Unity.exe
-adb2
-batchMode
-noUpm
-name
AssetImportWorker0
-projectPath
E:/Git/3-level-project/My Room
-logFile
Logs/AssetImportWorker0.log
-srvPort
59349
Successfully changed project path to: E:/Git/3-level-project/My Room
E:/Git/3-level-project/My Room
Using Asset Import Pipeline V2.
Refreshing native plugins compatible for Editor in 64.22 ms, found 0 plugins.
Preloading 0 native plugins for Editor in 0.00 ms.
Initialize engine version: 2020.3.7f1 (dd97f2c94397)
[Subsystems] Discovering subsystems at path E:/unity/Editor/Data/Resources/UnitySubsystems
[Subsystems] Discovering subsystems at path E:/Git/3-level-project/My Room/Assets
GfxDevice: creating device client; threaded=0
Direct3D:
    Version:  Direct3D 11.0 [level 11.1]
    Renderer: NVIDIA GeForce GTX 1060 6GB (ID=0x1c03)
    Vendor:   
    VRAM:     6052 MB
    Driver:   26.21.14.3630
Initialize mono
Mono path[0] = 'E:/unity/Editor/Data/Managed'
Mono path[1] = 'E:/unity/Editor/Data/MonoBleedingEdge/lib/mono/unityjit'
Mono config path = 'E:/unity/Editor/Data/MonoBleedingEdge/etc'
Using monoOptions --debugger-agent=transport=dt_socket,embedding=1,server=y,suspend=n,address=127.0.0.1:56388
Begin MonoManager ReloadAssembly
Registering precompiled unity dll's ...
Register platform support module: E:/unity/Editor/Data/PlaybackEngines/WebGLSupport/UnityEditor.WebGL.Extensions.dll
Register platform support module: E:/unity/Editor/Data/PlaybackEngines/WindowsStandaloneSupport/UnityEditor.WindowsStandalone.Extensions.dll
Registered in 0.001667 seconds.
Native extension for WindowsStandalone target not found
Native extension for WebGL target not found
Refreshing native plugins compatible for Editor in 86.46 ms, found 0 plugins.
Preloading 0 native plugins for Editor in 0.00 ms.
Mono: successfully reloaded assembly
- Completed reload, in  2.862 seconds
Platform modules already initialized, skipping
Registering precompiled user dll's ...
Registered in 0.000819 seconds.
Begin MonoManager ReloadAssembly
Native extension for WindowsStandalone target not found
Native extension for WebGL target not found
Refreshing native plugins compatible for Editor in 0.56 ms, found 0 plugins.
Preloading 0 native plugins for Editor in 0.00 ms.
Mono: successfully reloaded assembly
- Completed reload, in  2.076 seconds
Platform modules already initialized, skipping
========================================================================
Worker process is ready to serve import requests
Launched and connected shader compiler UnityShaderCompiler.exe after 0.06 seconds
Refreshing native plugins compatible for Editor in 0.54 ms, found 0 plugins.
Preloading 0 native plugins for Editor in 0.00 ms.
Unloading 1617 Unused Serialized files (Serialized files now loaded: 0)
System memory in use before: 78.2 MB.
System memory in use after: 78.2 MB.

Unloading 69 unused Assets to reduce memory usage. Loaded Objects now: 2055.
Total: 2.468700 ms (FindLiveObjects: 0.192900 ms CreateObjectMapping: 0.074700 ms MarkObjects: 1.992600 ms  DeleteObjects: 0.207000 ms)

========================================================================
Received Import Request.
  path: Assets/FBX
  artifactKey: Guid(fdb8f4f01dd681a42a6e76195c409d53) Importer(815301076,1909f56bfc062723c751e8b465ee728b)
Start importing Assets/FBX using Guid(fdb8f4f01dd681a42a6e76195c409d53) Importer(815301076,1909f56bfc062723c751e8b465ee728b)  -> (artifact id: 'b98c154b0752b0c0d733c305c73d4e59') in 0.056418 seconds
  Import took 0.164722 seconds .

========================================================================
Received Import Request.
  Time since last request: 0.000217 seconds.
  path: Assets/FBX/dresser.fbx
  artifactKey: Guid(b07e158271f474849ace8ffba08bf2d9) Importer(815301076,1909f56bfc062723c751e8b465ee728b)
Start importing Assets/FBX/dresser.fbx using Guid(b07e158271f474849ace8ffba08bf2d9) Importer(815301076,1909f56bfc062723c751e8b465ee728b)  -> (artifact id: 'e53e2be1ed1ffc8e71827cd032a091fc') in 1.359227 seconds
  Import took 1.368453 seconds .

========================================================================
Received Import Request.
  Time since last request: 255.013645 seconds.
  path: Assets/FBX/dresser.fbx
  artifactKey: Guid(b07e158271f474849ace8ffba08bf2d9) Importer(815301076,1909f56bfc062723c751e8b465ee728b)
Start importing Assets/FBX/dresser.fbx using Guid(b07e158271f474849ace8ffba08bf2d9) Importer(815301076,1909f56bfc062723c751e8b465ee728b)  -> (artifact id: '34f4bcd971bf9afa1fbf04c188284d33') in 0.006216 seconds
  Import took 0.013106 seconds .

========================================================================
Received Import Request.
  Time since last request: 9.454015 seconds.
  path: Assets/FBX/textures
  artifactKey: Guid(f865e3c4acc63a04e9113b0882f0397b) Importer(815301076,1909f56bfc062723c751e8b465ee728b)
Start importing Assets/FBX/textures using Guid(f865e3c4acc63a04e9113b0882f0397b) Importer(815301076,1909f56bfc062723c751e8b465ee728b)  -> (artifact id: 'f9f747baf3e483976ec7a98c7f06079a') in 0.014795 seconds
  Import took 0.024106 seconds .

========================================================================
Received Import Request.
  Time since last request: 0.042925 seconds.
  path: Assets/FBX/textures/d5372s0-96ad72be-b30e-44ad-b239-81feb2bfc32d.jpg
  artifactKey: Guid(56df2b9336ac55c428dfb99e192ebc36) Importer(815301076,1909f56bfc062723c751e8b465ee728b)
Start importing Assets/FBX/textures/d5372s0-96ad72be-b30e-44ad-b239-81feb2bfc32d.jpg using Guid(56df2b9336ac55c428dfb99e192ebc36) Importer(815301076,1909f56bfc062723c751e8b465ee728b)  -> (artifact id: 'af7d27a3e1ff9d32657eec4436abc28a') in 0.081260 seconds
  Import took 0.084632 seconds .

========================================================================
Received Import Request.
  Time since last request: 80.327863 seconds.
  path: Assets/FBX/dresser.fbx
  artifactKey: Guid(b07e158271f474849ace8ffba08bf2d9) Importer(815301076,1909f56bfc062723c751e8b465ee728b)
Start importing Assets/FBX/dresser.fbx using Guid(b07e158271f474849ace8ffba08bf2d9) Importer(815301076,1909f56bfc062723c751e8b465ee728b)  -> (artifact id: '6aeb13c782ef2f5db758b8da6d13d571') in 0.060254 seconds
  Import took 0.072329 seconds .

========================================================================
Received Import Request.
  Time since last request: 445.391321 seconds.
  path: Assets/FBX/bookshelf.fbx
  artifactKey: Guid(2c773617c491e9d438b3a709ecf0a8ca) Importer(815301076,1909f56bfc062723c751e8b465ee728b)
Start importing Assets/FBX/bookshelf.fbx using Guid(2c773617c491e9d438b3a709ecf0a8ca) Importer(815301076,1909f56bfc062723c751e8b465ee728b)  -> (artifact id: 'e2d51ae278d610c6d0f5cfb433a6f338') in 0.058347 seconds
  Import took 0.067323 seconds .

========================================================================
Received Import Request.
  Time since last request: 259.063272 seconds.
  path: Assets/FBX/bookshelf2.fbx
  artifactKey: Guid(0b803bdd69116c047a1cdf9cad3b9e5c) Importer(815301076,1909f56bfc062723c751e8b465ee728b)
Start importing Assets/FBX/bookshelf2.fbx using Guid(0b803bdd69116c047a1cdf9cad3b9e5c) Importer(815301076,1909f56bfc062723c751e8b465ee728b)  -> (artifact id: '8ccf0f67a7e22991ad134df4ac72c719') in 0.016005 seconds
  Import took 0.033418 seconds .

========================================================================
Received Import Request.
  Time since last request: 53.318519 seconds.
  path: Assets/FBX/bookshelf2.fbx
  artifactKey: Guid(0b803bdd69116c047a1cdf9cad3b9e5c) Importer(815301076,1909f56bfc062723c751e8b465ee728b)
Start importing Assets/FBX/bookshelf2.fbx using Guid(0b803bdd69116c047a1cdf9cad3b9e5c) Importer(815301076,1909f56bfc062723c751e8b465ee728b)  -> (artifact id: '51cd08b8f5f581db178552f8feaa120a') in 0.095894 seconds
  Import took 0.112933 seconds .

========================================================================
Received Import Request.
  Time since last request: 197.106395 seconds.
  path: Assets/FBX/desk.fbx
  artifactKey: Guid(c086b5f9c4b242949a0c7bfae0d0a32e) Importer(815301076,1909f56bfc062723c751e8b465ee728b)
Start importing Assets/FBX/desk.fbx using Guid(c086b5f9c4b242949a0c7bfae0d0a32e) Importer(815301076,1909f56bfc062723c751e8b465ee728b)  -> (artifact id: '077b4c6c4c88ccfe5bf5d89a33b5a297') in 0.089840 seconds
  Import took 0.096306 seconds .

========================================================================
Received Import Request.
  Time since last request: 116.735585 seconds.
  path: Assets/FBX/keyboard.fbx
  artifactKey: Guid(ff4a5a3dccb7f4c44a486bc62ab2069e) Importer(815301076,1909f56bfc062723c751e8b465ee728b)
Start importing Assets/FBX/keyboard.fbx using Guid(ff4a5a3dccb7f4c44a486bc62ab2069e) Importer(815301076,1909f56bfc062723c751e8b465ee728b)  -> (artifact id: 'a7374e3936d7adc0260c578a9b3c2227') in 0.379888 seconds
  Import took 0.394352 seconds .

========================================================================
Received Import Request.
  Time since last request: 116.066222 seconds.
  path: Assets/FBX/laundrybasket.fbx
  artifactKey: Guid(09d03b0093d2b834db1d7ec67210b4f6) Importer(815301076,1909f56bfc062723c751e8b465ee728b)
Start importing Assets/FBX/laundrybasket.fbx using Guid(09d03b0093d2b834db1d7ec67210b4f6) Importer(815301076,1909f56bfc062723c751e8b465ee728b)  -> (artifact id: '287a9e4198efd61c41b393d387bdbe25') in 0.434696 seconds
  Import took 0.460949 seconds .

========================================================================
Received Import Request.
  Time since last request: 63.908008 seconds.
  path: Assets/FBX/laundrybasket.fbx
  artifactKey: Guid(09d03b0093d2b834db1d7ec67210b4f6) Importer(815301076,1909f56bfc062723c751e8b465ee728b)
Start importing Assets/FBX/laundrybasket.fbx using Guid(09d03b0093d2b834db1d7ec67210b4f6) Importer(815301076,1909f56bfc062723c751e8b465ee728b)  -> (artifact id: '70933cf9e0534b8f503d93d2f8352ff8') in 0.036381 seconds
  Import took 0.046333 seconds .

========================================================================
Received Import Request.
  Time since last request: 87.821613 seconds.
  path: Assets/FBX/laundrybasket.fbx
  artifactKey: Guid(09d03b0093d2b834db1d7ec67210b4f6) Importer(815301076,1909f56bfc062723c751e8b465ee728b)
Start importing Assets/FBX/laundrybasket.fbx using Guid(09d03b0093d2b834db1d7ec67210b4f6) Importer(815301076,1909f56bfc062723c751e8b465ee728b)  -> (artifact id: 'e36410547ed15b8db29ee50b7fa2db20') in 0.100061 seconds
  Import took 0.108126 seconds .

========================================================================
Received Import Request.
  Time since last request: 94.189475 seconds.
  path: Assets/FBX/monitor.fbx
  artifactKey: Guid(ac96ce874b3583645b95dee283996637) Importer(815301076,1909f56bfc062723c751e8b465ee728b)
Start importing Assets/FBX/monitor.fbx using Guid(ac96ce874b3583645b95dee283996637) Importer(815301076,1909f56bfc062723c751e8b465ee728b)  -> (artifact id: '7dd8cefabd624f67aeeea1091bf6e889') in 0.071179 seconds
  Import took 0.113543 seconds .

========================================================================
Received Import Request.
  Time since last request: 377.572700 seconds.
  path: Assets/FBX/bed.fbx
  artifactKey: Guid(b5f4d4d78b9874346a60413880f65889) Importer(815301076,1909f56bfc062723c751e8b465ee728b)
Start importing Assets/FBX/bed.fbx using Guid(b5f4d4d78b9874346a60413880f65889) Importer(815301076,1909f56bfc062723c751e8b465ee728b)  -> (artifact id: '61b3729ab3825eb4061348fddec38669') in 0.140792 seconds
  Import took 0.149287 seconds .

========================================================================
Received Import Request.
  Time since last request: 255.389612 seconds.
  path: Assets/FBX/mousepad.fbx
  artifactKey: Guid(d3e20cc4f5afc024ab1a3aa21806cf80) Importer(815301076,1909f56bfc062723c751e8b465ee728b)
Start importing Assets/FBX/mousepad.fbx using Guid(d3e20cc4f5afc024ab1a3aa21806cf80) Importer(815301076,1909f56bfc062723c751e8b465ee728b)  -> (artifact id: '7a26f13e3fefd8357a21224950ab59f5') in 0.075413 seconds
  Import took 0.095106 seconds .

========================================================================
Received Import Request.
  Time since last request: 140.915470 seconds.
  path: Assets/FBX/mouse.fbx
  artifactKey: Guid(7232c52c38319bd4f90d7109742a5312) Importer(815301076,1909f56bfc062723c751e8b465ee728b)
Start importing Assets/FBX/mouse.fbx using Guid(7232c52c38319bd4f90d7109742a5312) Importer(815301076,1909f56bfc062723c751e8b465ee728b)  -> (artifact id: '1582d0ad2ac682f3afd59c4bbd3f5606') in 0.065626 seconds
  Import took 0.080230 seconds .

========================================================================
Received Import Request.
  Time since last request: 556.936538 seconds.
  path: Assets
  artifactKey: Guid(00000000000000001000000000000000) Importer(815301076,1909f56bfc062723c751e8b465ee728b)
Start importing Assets using Guid(00000000000000001000000000000000) Importer(815301076,1909f56bfc062723c751e8b465ee728b)  -> (artifact id: '5f6a1853b736837ecfb0820a881449cb') in 0.012560 seconds
  Import took 0.016848 seconds .

========================================================================
Received Import Request.
  Time since last request: 5.758789 seconds.
  path: Assets/Materials
  artifactKey: Guid(2562f4538007658419ce9e7a434be5a5) Importer(815301076,1909f56bfc062723c751e8b465ee728b)
Start importing Assets/Materials using Guid(2562f4538007658419ce9e7a434be5a5) Importer(815301076,1909f56bfc062723c751e8b465ee728b)  -> (artifact id: '9fa2b755a314007f4ca70186113b8df0') in 0.008454 seconds
  Import took 0.014229 seconds .

========================================================================
Received Import Request.
  Time since last request: 0.031029 seconds.
  path: Assets/New folder
  artifactKey: Guid(4f7562745057af84c9faf88f18ffefd0) Importer(815301076,1909f56bfc062723c751e8b465ee728b)
Start importing Assets/New folder using Guid(4f7562745057af84c9faf88f18ffefd0) Importer(815301076,1909f56bfc062723c751e8b465ee728b)  -> (artifact id: 'be75d140fef386694fb5f6f1a15beddc') in 0.011264 seconds
  Import took 0.015331 seconds .

========================================================================
Received Import Request.
  Time since last request: 7.357846 seconds.
  path: Assets/Materials/New Material.mat
  artifactKey: Guid(1347be324c64fd442a1b4a99764e861b) Importer(815301076,1909f56bfc062723c751e8b465ee728b)
Start importing Assets/Materials/New Material.mat using Guid(1347be324c64fd442a1b4a99764e861b) Importer(815301076,1909f56bfc062723c751e8b465ee728b)  -> (artifact id: '73b7e164b465aa5c418110867a22e7d6') in 0.053670 seconds
  Import took 0.064259 seconds .

========================================================================
Received Import Request.
  Time since last request: 25.579732 seconds.
  path: Assets/FBX/textures/360_F_423348632_n5MBU66ZAfxcf9iFwnUhFweWoxWNGl8u.jpg
  artifactKey: Guid(f3f82fb7ac4b0ef4e81fcc76c3acd783) Importer(815301076,1909f56bfc062723c751e8b465ee728b)
Start importing Assets/FBX/textures/360_F_423348632_n5MBU66ZAfxcf9iFwnUhFweWoxWNGl8u.jpg using Guid(f3f82fb7ac4b0ef4e81fcc76c3acd783) Importer(815301076,1909f56bfc062723c751e8b465ee728b)  -> (artifact id: '3a2f221c3a73526641e3d33b118c15a9') in 0.056271 seconds
  Import took 0.071862 seconds .

========================================================================
Received Import Request.
  Time since last request: 0.000273 seconds.
  path: Assets/FBX/textures/stripes.jpg
  artifactKey: Guid(a268549ca23c3ff429b0ade2538d5383) Importer(815301076,1909f56bfc062723c751e8b465ee728b)
Start importing Assets/FBX/textures/stripes.jpg using Guid(a268549ca23c3ff429b0ade2538d5383) Importer(815301076,1909f56bfc062723c751e8b465ee728b)  -> (artifact id: '29ff2d06c15e45bf5b5acda6189f4c92') in 0.050013 seconds
  Import took 0.054225 seconds .

========================================================================
Received Import Request.
  Time since last request: 0.000301 seconds.
  path: Assets/FBX/textures/dvamousepad.jpg
  artifactKey: Guid(3e8f4bdf900ae0348b9c37091a17b4d4) Importer(815301076,1909f56bfc062723c751e8b465ee728b)
Start importing Assets/FBX/textures/dvamousepad.jpg using Guid(3e8f4bdf900ae0348b9c37091a17b4d4) Importer(815301076,1909f56bfc062723c751e8b465ee728b)  -> (artifact id: '9c88d606009ae165d42c5340502cb667') in 0.040512 seconds
  Import took 0.045810 seconds .

========================================================================
Received Import Request.
  Time since last request: 64.286434 seconds.
  path: Assets/FBX/textures/46205601-a-beige-carpet-texture.jpg
  artifactKey: Guid(7ae6ebec52149134194f1e31f56cc38b) Importer(815301076,1909f56bfc062723c751e8b465ee728b)
Start importing Assets/FBX/textures/46205601-a-beige-carpet-texture.jpg using Guid(7ae6ebec52149134194f1e31f56cc38b) Importer(815301076,1909f56bfc062723c751e8b465ee728b)  -> (artifact id: 'ad4e6cde29bd9f978af16a5baebbf482') in 0.022191 seconds
  Import took 0.026745 seconds .

========================================================================
Received Import Request.
  Time since last request: 50.278630 seconds.
  path: Assets/Materials/New Material 1.mat
  artifactKey: Guid(0a9cf52adab305647be94958246e67c7) Importer(815301076,1909f56bfc062723c751e8b465ee728b)
Start importing Assets/Materials/New Material 1.mat using Guid(0a9cf52adab305647be94958246e67c7) Importer(815301076,1909f56bfc062723c751e8b465ee728b)  -> (artifact id: '2eb1f5cded1c5e724c104d653009a637') in 0.042160 seconds
  Import took 0.048410 seconds .

========================================================================
Received Import Request.
  Time since last request: 33.315682 seconds.
  path: Assets/Materials/New Material 2.mat
  artifactKey: Guid(99b7222bf631d2245869dfd78143662a) Importer(815301076,1909f56bfc062723c751e8b465ee728b)
Start importing Assets/Materials/New Material 2.mat using Guid(99b7222bf631d2245869dfd78143662a) Importer(815301076,1909f56bfc062723c751e8b465ee728b)  -> (artifact id: '14236a507b9f60536f4058e2758ccf6b') in 0.053325 seconds
  Import took 0.059457 seconds .

========================================================================
Received Prepare
Registering precompiled user dll's ...
Registered in 0.000796 seconds.
Begin MonoManager ReloadAssembly
Native extension for WindowsStandalone target not found
Native extension for WebGL target not found
Refreshing native plugins compatible for Editor in 0.32 ms, found 0 plugins.
Preloading 0 native plugins for Editor in 0.00 ms.
Warning: Annotation not found!
UnityEngine.StackTraceUtility:ExtractStackTrace ()
UnityEditor.ProBuilder.EditorUtility:SetGizmoIconEnabled (System.Type,bool) (at Library/PackageCache/com.unity.probuilder@4.5.0/Editor/EditorCore/EditorUtility.cs:593)
UnityEditor.ProBuilder.HierarchyListener:.cctor () (at Library/PackageCache/com.unity.probuilder@4.5.0/Editor/EditorCore/HierarchyListener.cs:21)
System.Runtime.CompilerServices.RuntimeHelpers:RunClassConstructor (System.RuntimeTypeHandle)
UnityEditor.EditorAssemblies:ProcessInitializeOnLoadAttributes (System.Type[])

[Library/PackageCache/com.unity.probuilder@4.5.0/Editor/EditorCore/EditorUtility.cs line 593]

Mono: successfully reloaded assembly
- Completed reload, in  1.140 seconds
Platform modules already initialized, skipping
Refreshing native plugins compatible for Editor in 0.51 ms, found 0 plugins.
Preloading 0 native plugins for Editor in 0.00 ms.
Unloading 1579 Unused Serialized files (Serialized files now loaded: 0)
System memory in use before: 78.6 MB.
System memory in use after: 78.6 MB.

Unloading 6 unused Assets to reduce memory usage. Loaded Objects now: 2104.
Total: 3.270700 ms (FindLiveObjects: 0.364600 ms CreateObjectMapping: 0.179400 ms MarkObjects: 2.614300 ms  DeleteObjects: 0.110400 ms)

========================================================================
Received Prepare
Registering precompiled user dll's ...
Registered in 0.001496 seconds.
Begin MonoManager ReloadAssembly
Native extension for WindowsStandalone target not found
Native extension for WebGL target not found
Refreshing native plugins compatible for Editor in 0.32 ms, found 0 plugins.
Preloading 0 native plugins for Editor in 0.00 ms.
Warning: Annotation not found!
UnityEngine.StackTraceUtility:ExtractStackTrace ()
UnityEditor.ProBuilder.EditorUtility:SetGizmoIconEnabled (System.Type,bool) (at Library/PackageCache/com.unity.probuilder@4.5.0/Editor/EditorCore/EditorUtility.cs:593)
UnityEditor.ProBuilder.HierarchyListener:.cctor () (at Library/PackageCache/com.unity.probuilder@4.5.0/Editor/EditorCore/HierarchyListener.cs:21)
System.Runtime.CompilerServices.RuntimeHelpers:RunClassConstructor (System.RuntimeTypeHandle)
UnityEditor.EditorAssemblies:ProcessInitializeOnLoadAttributes (System.Type[])

[Library/PackageCache/com.unity.probuilder@4.5.0/Editor/EditorCore/EditorUtility.cs line 593]

Mono: successfully reloaded assembly
- Completed reload, in  1.594 seconds
Platform modules already initialized, skipping
Refreshing native plugins compatible for Editor in 0.36 ms, found 0 plugins.
Preloading 0 native plugins for Editor in 0.00 ms.
Unloading 1579 Unused Serialized files (Serialized files now loaded: 0)
System memory in use before: 78.6 MB.
System memory in use after: 78.7 MB.

Unloading 5 unused Assets to reduce memory usage. Loaded Objects now: 2107.
Total: 4.411300 ms (FindLiveObjects: 0.228500 ms CreateObjectMapping: 0.078400 ms MarkObjects: 3.945600 ms  DeleteObjects: 0.155400 ms)

AssetImportWorkerClient::OnTransportError - code=2 error=End of file
